执行日期：2014-09-03-09：47：44
【接收到的native通知】:
<xml><appid><![CDATA[wxf5b5e87a6a0fde94]]></appid>
<openid><![CDATA[ozoKAt-MmA74zs7MBafCix6Dg8o0]]></openid>
<mch_id><![CDATA[10000097]]></mch_id>
<is_subscribe><![CDATA[N]]></is_subscribe>
<nonce_str><![CDATA[OH5gGPzk4MdEChXR]]></nonce_str>
<product_id><![CDATA[wxf5b5e87a6a0fde94static]]></product_id>
<sign><![CDATA[57019C3E85698512ECEE1BA366341AE1]]></sign>
</xml>


执行日期：2014-09-03-09：52：07
【接收到的native通知】:



执行日期：2014-09-03-09：57：05
【接收到的native通知】:
<xml><appid><![CDATA[wxf5b5e87a6a0fde94]]></appid>
<openid><![CDATA[ozoKAt-MmA74zs7MBafCix6Dg8o0]]></openid>
<mch_id><![CDATA[10000097]]></mch_id>
<is_subscribe><![CDATA[N]]></is_subscribe>
<nonce_str><![CDATA[g9Zk8dQwgPYSNOuC]]></nonce_str>
<product_id><![CDATA[wxf5b5e87a6a0fde94static]]></product_id>
<sign><![CDATA[79174D8E6E2C02D647D339E0460AFFE8]]></sign>
</xml>


执行日期：2014-09-03-09：57：06
【返回微信的native响应】:
<xml><return_code><![CDATA[SUCCESS]]></return_code><result_code><![CDATA[SUCCESS]]></result_code><prepay_id><![CDATA[]]></prepay_id><appid><![CDATA[wxf5b5e87a6a0fde94]]></appid><mch_id>10000097</mch_id><nonce_str><![CDATA[gdobimszcsot4oc2rhrohc9r2lq18994]]></nonce_str><sign><![CDATA[B3C39E74AE4A4814AB1ECC5E8EF2AAE3]]></sign></xml>


执行日期：2014-09-03-09：59：34
【接收到的native通知】:
<xml><appid><![CDATA[wxf5b5e87a6a0fde94]]></appid>
<openid><![CDATA[ozoKAt-MmA74zs7MBafCix6Dg8o0]]></openid>
<mch_id><![CDATA[10000097]]></mch_id>
<is_subscribe><![CDATA[N]]></is_subscribe>
<nonce_str><![CDATA[aAUiLPDxlnPIVYzk]]></nonce_str>
<product_id><![CDATA[wxf5b5e87a6a0fde94static]]></product_id>
<sign><![CDATA[3A060D1AD6052C39FAC41B386F1B7B7C]]></sign>
</xml>


执行日期：2014-09-03-09：59：35
[prepay_id]:



执行日期：2014-09-03-09：59：35
【返回微信的native响应】:
<xml><return_code><![CDATA[SUCCESS]]></return_code><result_code><![CDATA[SUCCESS]]></result_code><prepay_id><![CDATA[]]></prepay_id><appid><![CDATA[wxf5b5e87a6a0fde94]]></appid><mch_id>10000097</mch_id><nonce_str><![CDATA[tnl0fomjggw3xb5g4i5gc52gjqhe987q]]></nonce_str><sign><![CDATA[EB8ADA629F33B0991183A1227A78A754]]></sign></xml>


执行日期：2014-09-03-10：02：46
【接收到的native通知】:
<xml><appid><![CDATA[wxf5b5e87a6a0fde94]]></appid>
<openid><![CDATA[ozoKAt-MmA74zs7MBafCix6Dg8o0]]></openid>
<mch_id><![CDATA[10000097]]></mch_id>
<is_subscribe><![CDATA[N]]></is_subscribe>
<nonce_str><![CDATA[RFJISAHtEUgyAqO2]]></nonce_str>
<product_id><![CDATA[wxf5b5e87a6a0fde94static]]></product_id>
<sign><![CDATA[6973871B0E13EB1F40EBDE1BE53EB574]]></sign>
</xml>


执行日期：2014-09-03-10：02：47
[prepay_id]:



执行日期：2014-09-03-10：02：47
【返回微信的native响应】:
<xml><return_code><![CDATA[SUCCESS]]></return_code><result_code><![CDATA[SUCCESS]]></result_code><prepay_id><![CDATA[]]></prepay_id><appid><![CDATA[wxf5b5e87a6a0fde94]]></appid><mch_id>10000097</mch_id><nonce_str><![CDATA[wbkwjkmt4cr7ihxqvxz7pn74p7gdixz6]]></nonce_str><sign><![CDATA[9F4C3A8A5BFEE31B8556048419F7AA50]]></sign></xml>


执行日期：2014-09-03-10：05：13
【接收到的native通知】:
<xml><appid><![CDATA[wxf5b5e87a6a0fde94]]></appid>
<openid><![CDATA[ozoKAt-MmA74zs7MBafCix6Dg8o0]]></openid>
<mch_id><![CDATA[10000097]]></mch_id>
<is_subscribe><![CDATA[N]]></is_subscribe>
<nonce_str><![CDATA[C9C1j3IvwWcwbsU3]]></nonce_str>
<product_id><![CDATA[wxf5b5e87a6a0fde94static]]></product_id>
<sign><![CDATA[FBA7FDB20EDCCE5CFC5E2EC7EBA30211]]></sign>
</xml>


执行日期：2014-09-03-10：05：15
[prepay_id]:



执行日期：2014-09-03-10：05：15
[unifiedOrderResult]:
Array


执行日期：2014-09-03-10：05：15
【返回微信的native响应】:
<xml><return_code><![CDATA[SUCCESS]]></return_code><result_code><![CDATA[SUCCESS]]></result_code><prepay_id><![CDATA[]]></prepay_id><appid><![CDATA[wxf5b5e87a6a0fde94]]></appid><mch_id>10000097</mch_id><nonce_str><![CDATA[c8lajiueopljgznhmcxsk8hkxvo248jq]]></nonce_str><sign><![CDATA[01A1E429E4C3B91763B7BB7B6DB6B90E]]></sign></xml>


执行日期：2014-09-03-10：06：16
【接收到的native通知】:
<xml><appid><![CDATA[wxf5b5e87a6a0fde94]]></appid>
<openid><![CDATA[ozoKAt-MmA74zs7MBafCix6Dg8o0]]></openid>
<mch_id><![CDATA[10000097]]></mch_id>
<is_subscribe><![CDATA[N]]></is_subscribe>
<nonce_str><![CDATA[uKVhC3ltHBvV7Zu5]]></nonce_str>
<product_id><![CDATA[wxf5b5e87a6a0fde94static]]></product_id>
<sign><![CDATA[FE81ABE00AD54646E25A14252D117721]]></sign>
</xml>


执行日期：2014-09-03-10：07：52
【接收到的native通知】:
<xml><appid><![CDATA[wxf5b5e87a6a0fde94]]></appid>
<openid><![CDATA[ozoKAt-MmA74zs7MBafCix6Dg8o0]]></openid>
<mch_id><![CDATA[10000097]]></mch_id>
<is_subscribe><![CDATA[N]]></is_subscribe>
<nonce_str><![CDATA[OezKt92pkRPLfMwU]]></nonce_str>
<product_id><![CDATA[wxf5b5e87a6a0fde94static]]></product_id>
<sign><![CDATA[D877F85D80238A55A4275D31EFBFFE78]]></sign>
</xml>


执行日期：2014-09-03-10：07：54
[prepay_id]:



执行日期：2014-09-03-10：07：54
[unifiedOrderResult]:



执行日期：2014-09-03-10：07：54
【返回微信的native响应】:
<xml><return_code><![CDATA[SUCCESS]]></return_code><result_code><![CDATA[SUCCESS]]></result_code><prepay_id><![CDATA[]]></prepay_id><appid><![CDATA[wxf5b5e87a6a0fde94]]></appid><mch_id>10000097</mch_id><nonce_str><![CDATA[fiegoutqo3atynl18tyx5s8jny80i31y]]></nonce_str><sign><![CDATA[17BF2F21FFF3CF5362CAF61F6B1455E2]]></sign></xml>


执行日期：2014-09-03-10：09：23
【接收到的native通知】:
<xml><appid><![CDATA[wxf5b5e87a6a0fde94]]></appid>
<openid><![CDATA[ozoKAt-MmA74zs7MBafCix6Dg8o0]]></openid>
<mch_id><![CDATA[10000097]]></mch_id>
<is_subscribe><![CDATA[N]]></is_subscribe>
<nonce_str><![CDATA[VDfn11HC7W68Riqw]]></nonce_str>
<product_id><![CDATA[wxf5b5e87a6a0fde94static]]></product_id>
<sign><![CDATA[7F0788A34F6250F724B544E401990FE1]]></sign>
</xml>


执行日期：2014-09-03-10：09：24
[prepay_id]:
<xml><return_code><![CDATA[SUCCESS]]></return_code>
<return_msg><![CDATA[OK]]></return_msg>
<appid><![CDATA[wxf5b5e87a6a0fde94]]></appid>
<mch_id><![CDATA[10000097]]></mch_id>
<nonce_str><![CDATA[W0TK9lqKXPPeeoZp]]></nonce_str>
<sign><![CDATA[6F24D3482C7149E4250E5C322A513E76]]></sign>
<result_code><![CDATA[SUCCESS]]></result_code>
<prepay_id><![CDATA[wx20140903100924a359ee01280619925478]]></prepay_id>
<trade_type><![CDATA[NATIVE]]></trade_type>
<code_url><![CDATA[weixin://wxpay/bizpayurl?sr=maEdG5T]]></code_url>
</xml>


执行日期：2014-09-03-10：09：24
【返回微信的native响应】:
<xml><return_code><![CDATA[SUCCESS]]></return_code><result_code><![CDATA[SUCCESS]]></result_code><prepay_id><![CDATA[<xml><return_code><![CDATA[SUCCESS]]></return_code>
<return_msg><![CDATA[OK]]></return_msg>
<appid><![CDATA[wxf5b5e87a6a0fde94]]></appid>
<mch_id><![CDATA[10000097]]></mch_id>
<nonce_str><![CDATA[W0TK9lqKXPPeeoZp]]></nonce_str>
<sign><![CDATA[6F24D3482C7149E4250E5C322A513E76]]></sign>
<result_code><![CDATA[SUCCESS]]></result_code>
<prepay_id><![CDATA[wx20140903100924a359ee01280619925478]]></prepay_id>
<trade_type><![CDATA[NATIVE]]></trade_type>
<code_url><![CDATA[weixin://wxpay/bizpayurl?sr=maEdG5T]]></code_url>
</xml>]]></prepay_id><appid><![CDATA[wxf5b5e87a6a0fde94]]></appid><mch_id>10000097</mch_id><nonce_str><![CDATA[i46u7f97aq84mjjgm66azmc7m2mi8893]]></nonce_str><sign><![CDATA[F3D3F11F9BA030152AE983F87C4B1CBD]]></sign></xml>


执行日期：2014-09-03-10：18：33
【接收到的native通知】:



执行日期：2014-09-03-10：18：33
【返回微信的native响应】:
<xml><return_code><![CDATA[FAIL]]></return_code><return_msg><![CDATA[签名失败]]></return_msg></xml>


执行日期：2014-09-03-10：22：05
【接收到的native通知】:
<xml><appid><![CDATA[wxf5b5e87a6a0fde94]]></appid>
<openid><![CDATA[ozoKAt-MmA74zs7MBafCix6Dg8o0]]></openid>
<mch_id><![CDATA[10000097]]></mch_id>
<is_subscribe><![CDATA[N]]></is_subscribe>
<nonce_str><![CDATA[KoHPrzFZTznHr2Fq]]></nonce_str>
<product_id><![CDATA[wxf5b5e87a6a0fde94static]]></product_id>
<sign><![CDATA[58C85626A4C276B3CCA07B50889AF916]]></sign>
</xml>


执行日期：2014-09-03-10：22：06
[prepay_id]:
wx20140903102205e7c4df6ca30213665369


执行日期：2014-09-03-10：22：06
【返回微信的native响应】:
<xml><return_code><![CDATA[SUCCESS]]></return_code><result_code><![CDATA[SUCCESS]]></result_code><prepay_id><![CDATA[wx20140903102205e7c4df6ca30213665369]]></prepay_id><appid><![CDATA[wxf5b5e87a6a0fde94]]></appid><mch_id>10000097</mch_id><nonce_str><![CDATA[kxmh8m4g8bk8u1dw3u3r6agi50ab9jed]]></nonce_str><sign><![CDATA[CBAD77BF581A5516D7E5097AD988665F]]></sign></xml>


执行日期：2014-09-03-10：22：26
【接收到的native通知】:
<xml><appid><![CDATA[wxf5b5e87a6a0fde94]]></appid>
<openid><![CDATA[ozoKAt-MmA74zs7MBafCix6Dg8o0]]></openid>
<mch_id><![CDATA[10000097]]></mch_id>
<is_subscribe><![CDATA[N]]></is_subscribe>
<nonce_str><![CDATA[tLGJm8ZlTHJVkFHX]]></nonce_str>
<product_id><![CDATA[wxf5b5e87a6a0fde94static]]></product_id>
<sign><![CDATA[50E39E53F765BD486270331D08444203]]></sign>
</xml>


执行日期：2014-09-03-10：22：27
[prepay_id]:
wx201409031022268cc5b4edfb0252613548


执行日期：2014-09-03-10：22：27
【返回微信的native响应】:
<xml><return_code><![CDATA[SUCCESS]]></return_code><result_code><![CDATA[SUCCESS]]></result_code><prepay_id><![CDATA[wx201409031022268cc5b4edfb0252613548]]></prepay_id><appid><![CDATA[wxf5b5e87a6a0fde94]]></appid><mch_id>10000097</mch_id><nonce_str><![CDATA[p4gxfkbipocn4ibe6e1t822ot92938ck]]></nonce_str><sign><![CDATA[1B075E77B37B28646A74BBFA7D76D613]]></sign></xml>


执行日期：2014-09-03-10：26：28
【接收到的native通知】:
<xml><appid><![CDATA[wxf5b5e87a6a0fde94]]></appid>
<openid><![CDATA[ozoKAt-MmA74zs7MBafCix6Dg8o0]]></openid>
<mch_id><![CDATA[10000097]]></mch_id>
<is_subscribe><![CDATA[N]]></is_subscribe>
<nonce_str><![CDATA[DEkCWzuJu16rr8PG]]></nonce_str>
<product_id><![CDATA[wxf5b5e87a6a0fde94static]]></product_id>
<sign><![CDATA[C92193FB375EF665157FE03EA17E7049]]></sign>
</xml>


执行日期：2014-09-03-10：26：30
【返回微信的native响应】:
<xml><return_code><![CDATA[SUCCESS]]></return_code><result_code><![CDATA[SUCCESS]]></result_code><prepay_id><![CDATA[wx2014090310262923000495bb0409152426]]></prepay_id><appid><![CDATA[wxf5b5e87a6a0fde94]]></appid><mch_id>10000097</mch_id><nonce_str><![CDATA[nh2bpdjqjdf04j0rsm6rwx0qwmcw3i0l]]></nonce_str><sign><![CDATA[20869921DA57F3480940BEFE766E0BFF]]></sign></xml>


执行日期：2014-09-03-12：03：43
【接收到的native通知】:
<xml><appid><![CDATA[wxf5b5e87a6a0fde94]]></appid>
<openid><![CDATA[ozoKAt-MmA74zs7MBafCix6Dg8o0]]></openid>
<mch_id><![CDATA[10000097]]></mch_id>
<is_subscribe><![CDATA[N]]></is_subscribe>
<nonce_str><![CDATA[i5oiwJszuxCFxGsq]]></nonce_str>
<product_id><![CDATA[wxf5b5e87a6a0fde94static]]></product_id>
<sign><![CDATA[B15D1BE1AA91EC8704E62B1137D5D3D1]]></sign>
</xml>


执行日期：2014-09-03-12：03：44
【返回微信的native响应】:
<xml><return_code><![CDATA[SUCCESS]]></return_code><result_code><![CDATA[SUCCESS]]></result_code><prepay_id><![CDATA[wx20140903120344ad1ee171f70563678472]]></prepay_id><appid><![CDATA[wxf5b5e87a6a0fde94]]></appid><mch_id>10000097</mch_id><nonce_str><![CDATA[b06l78immo5f09j9zt9hhz1r586v7z8b]]></nonce_str><sign><![CDATA[780A0784C107A3D060280143CE5BCA5C]]></sign></xml>


执行日期：2014-09-03-12：07：23
【接收到的native通知】:
<xml><appid><![CDATA[wxf5b5e87a6a0fde94]]></appid>
<openid><![CDATA[ozoKAt-MmA74zs7MBafCix6Dg8o0]]></openid>
<mch_id><![CDATA[10000097]]></mch_id>
<is_subscribe><![CDATA[N]]></is_subscribe>
<nonce_str><![CDATA[ZjO7iHIBmis0O3kl]]></nonce_str>
<product_id><![CDATA[wxf5b5e87a6a0fde94static]]></product_id>
<sign><![CDATA[8A113ECB693FE75C5F65444EA2602680]]></sign>
</xml>


执行日期：2014-09-03-12：07：24
【返回微信的native响应】:
<xml><return_code><![CDATA[SUCCESS]]></return_code><result_code><![CDATA[SUCCESS]]></result_code><prepay_id><![CDATA[wx201409031207241a0a884c240058560396]]></prepay_id><appid><![CDATA[wxf5b5e87a6a0fde94]]></appid><mch_id>10000097</mch_id><nonce_str><![CDATA[94d8cptgwszhcnq03qspuvdoe393omrh]]></nonce_str><sign><![CDATA[C7AF7809338B5FF0AF6D927A1CCB59D0]]></sign></xml>


执行日期：2014-09-03-12：12：33
【接收到的native通知】:
<xml><appid><![CDATA[wxf5b5e87a6a0fde94]]></appid>
<openid><![CDATA[ozoKAt-MmA74zs7MBafCix6Dg8o0]]></openid>
<mch_id><![CDATA[10000097]]></mch_id>
<is_subscribe><![CDATA[N]]></is_subscribe>
<nonce_str><![CDATA[2SMuMILkoZwNk80R]]></nonce_str>
<product_id><![CDATA[wxf5b5e87a6a0fde94static]]></product_id>
<sign><![CDATA[F99FEF0661BA2B32040A404E1B04CE6F]]></sign>
</xml>


执行日期：2014-09-03-12：12：34
【返回微信的native响应】:
<xml><return_code><![CDATA[SUCCESS]]></return_code><result_code><![CDATA[SUCCESS]]></result_code><prepay_id><![CDATA[wx201409031212342efac5737b0287555128]]></prepay_id><appid><![CDATA[wxf5b5e87a6a0fde94]]></appid><mch_id>10000097</mch_id><nonce_str><![CDATA[mmmv1yldk9shx9bwbtfxz5ne5nnc4b5m]]></nonce_str><sign><![CDATA[5F6B636E619FF4C9DFD49CC1B89481EE]]></sign></xml>


执行日期：2014-09-03-12：58：07
【接收到的native通知】:
<xml><appid><![CDATA[wxf5b5e87a6a0fde94]]></appid>
<openid><![CDATA[ozoKAt-MmA74zs7MBafCix6Dg8o0]]></openid>
<mch_id><![CDATA[10000097]]></mch_id>
<is_subscribe><![CDATA[N]]></is_subscribe>
<nonce_str><![CDATA[1bwgc7dPInGc39rJ]]></nonce_str>
<product_id><![CDATA[wxf5b5e87a6a0fde94static]]></product_id>
<sign><![CDATA[27ACA4010C7E7221D7EA34716CFEAE36]]></sign>
</xml>


执行日期：2014-09-03-12：58：08
【返回微信的native响应】:
<xml><return_code><![CDATA[SUCCESS]]></return_code><result_code><![CDATA[SUCCESS]]></result_code><prepay_id><![CDATA[wx20140903125808bc038ed4b90663476561]]></prepay_id><appid><![CDATA[wxf5b5e87a6a0fde94]]></appid><mch_id>10000097</mch_id><nonce_str><![CDATA[oy1jf93y2hfb199py5hubaxiq3r3nat6]]></nonce_str><sign><![CDATA[40188A4EE17FF1CB46F4C2773A159B3E]]></sign></xml>


执行日期：2014-09-03-16：29：39
【接收到的native通知】:
<xml><appid><![CDATA[wxf5b5e87a6a0fde94]]></appid>
<openid><![CDATA[ozoKAt-MmA74zs7MBafCix6Dg8o0]]></openid>
<mch_id><![CDATA[10000097]]></mch_id>
<is_subscribe><![CDATA[N]]></is_subscribe>
<nonce_str><![CDATA[n2pDM4bzf8J8tlpJ]]></nonce_str>
<product_id><![CDATA[wxf5b5e87a6a0fde94static]]></product_id>
<sign><![CDATA[B43C14C1EE1B89BF2F8462C0D8306148]]></sign>
</xml>


执行日期：2014-09-03-16：29：40
【返回微信的native响应】:
<xml><return_code><![CDATA[SUCCESS]]></return_code><result_code><![CDATA[SUCCESS]]></result_code><prepay_id><![CDATA[wx20140903162940b63acbb4080058230339]]></prepay_id><appid><![CDATA[wxf5b5e87a6a0fde94]]></appid><mch_id>10000097</mch_id><nonce_str><![CDATA[2ascp4pcb25dij722ezwxviks3xi4v91]]></nonce_str><sign><![CDATA[B8C8C4C177139892DF5C64E7521FEE0C]]></sign></xml>


